Using pre-set license
Built from '2022.1/staging' branch; Version is '2022.1.0b14 (eb6fa39764cb) revision 15429539'; Using compiler version '192829333'; Build Type 'Release'
OS: 'Windows 10  (10.0.19043) 64bit Core' Language: 'en' Physical Memory: 16320 MB
BatchMode: 1, IsHumanControllingUs: 0, StartBugReporterOnCrash: 0, Is64bit: 1, IsPro: 1

COMMAND LINE ARGUMENTS:
F:\2022.1.0b14\Editor\Unity.exe
-adb2
-batchMode
-noUpm
-name
AssetImportWorker2
-projectPath
C:/UnityRepository/unity-repository/Wave function collapse attempt 2
-logFile
Logs/AssetImportWorker2.log
-srvPort
55740
Successfully changed project path to: C:/UnityRepository/unity-repository/Wave function collapse attempt 2
C:/UnityRepository/unity-repository/Wave function collapse attempt 2
[UnityMemory] Configuration Parameters - Can be set up in boot.config
    "memorysetup-bucket-allocator-granularity=16"
    "memorysetup-bucket-allocator-bucket-count=8"
    "memorysetup-bucket-allocator-block-size=33554432"
    "memorysetup-bucket-allocator-block-count=8"
    "memorysetup-main-allocator-block-size=16777216"
    "memorysetup-thread-allocator-block-size=16777216"
    "memorysetup-gfx-main-allocator-block-size=16777216"
    "memorysetup-gfx-thread-allocator-block-size=16777216"
    "memorysetup-cache-allocator-block-size=4194304"
    "memorysetup-typetree-allocator-block-size=2097152"
    "memorysetup-profiler-bucket-allocator-granularity=16"
    "memorysetup-profiler-bucket-allocator-bucket-count=8"
    "memorysetup-profiler-bucket-allocator-block-size=33554432"
    "memorysetup-profiler-bucket-allocator-block-count=8"
    "memorysetup-profiler-allocator-block-size=16777216"
    "memorysetup-profiler-editor-allocator-block-size=1048576"
    "memorysetup-temp-allocator-size-main=16777216"
    "memorysetup-job-temp-allocator-block-size=2097152"
    "memorysetup-job-temp-allocator-block-size-background=1048576"
    "memorysetup-job-temp-allocator-reduction-small-platforms=262144"
    "memorysetup-temp-allocator-size-background-worker=32768"
    "memorysetup-temp-allocator-size-job-worker=262144"
    "memorysetup-temp-allocator-size-preload-manager=33554432"
    "memorysetup-temp-allocator-size-nav-mesh-worker=65536"
    "memorysetup-temp-allocator-size-audio-worker=65536"
    "memorysetup-temp-allocator-size-cloud-worker=32768"
    "memorysetup-temp-allocator-size-gi-baking-worker=262144"
    "memorysetup-temp-allocator-size-gfx=262144"
Refreshing native plugins compatible for Editor in 91.77 ms, found 3 plugins.
Preloading 0 native plugins for Editor in 0.00 ms.
Initialize engine version: 2022.1.0b14 (eb6fa39764cb)
[Subsystems] Discovering subsystems at path F:/2022.1.0b14/Editor/Data/Resources/UnitySubsystems
[Subsystems] Discovering subsystems at path C:/UnityRepository/unity-repository/Wave function collapse attempt 2/Assets
GfxDevice: creating device client; threaded=0; jobified=0
Direct3D:
    Version:  Direct3D 11.0 [level 11.1]
    Renderer: NVIDIA GeForce RTX 3070 Ti (ID=0x2482)
    Vendor:   NVIDIA
    VRAM:     8041 MB
    Driver:   31.0.15.1659
Initialize mono
Mono path[0] = 'F:/2022.1.0b14/Editor/Data/Managed'
Mono path[1] = 'F:/2022.1.0b14/Editor/Data/MonoBleedingEdge/lib/mono/unityjit-win32'
Mono config path = 'F:/2022.1.0b14/Editor/Data/MonoBleedingEdge/etc'
Using monoOptions --debugger-agent=transport=dt_socket,embedding=1,server=y,suspend=n,address=127.0.0.1:56108
Begin MonoManager ReloadAssembly
Registering precompiled unity dll's ...
Register platform support module: F:/2022.1.0b14/Editor/Data/PlaybackEngines/AndroidPlayer/UnityEditor.Android.Extensions.dll
Register platform support module: F:/2022.1.0b14/Editor/Data/PlaybackEngines/WindowsStandaloneSupport/UnityEditor.WindowsStandalone.Extensions.dll
Registered in 0.003478 seconds.
Native extension for WindowsStandalone target not found
Native extension for Android target not found
Refreshing native plugins compatible for Editor in 74.08 ms, found 3 plugins.
Preloading 0 native plugins for Editor in 0.00 ms.
Mono: successfully reloaded assembly
- Completed reload, in  0.647 seconds
Domain Reload Profiling:
	ReloadAssembly (648ms)
		BeginReloadAssembly (69ms)
			ExecutionOrderSort (0ms)
			DisableScriptedObjects (0ms)
			BackupInstance (0ms)
			ReleaseScriptingObjects (0ms)
			CreateAndSetChildDomain (1ms)
		EndReloadAssembly (480ms)
			LoadAssemblies (67ms)
			RebuildTransferFunctionScriptingTraits (0ms)
			SetupTypeCache (119ms)
				TypeCache.Initialize (118ms)
					TypeCache.ScanAssembly (117ms)
				ResolveRequiredComponents (0ms)
			ReleaseScriptCaches (0ms)
			RebuildScriptCaches (26ms)
			SetupLoadedEditorAssemblies (286ms)
				LogAssemblyErrors (0ms)
				InitializePlatformSupportModulesInManaged (53ms)
				SetLoadedEditorAssemblies (10ms)
				RefreshPlugins (74ms)
				BeforeProcessingInitializeOnLoad (1ms)
				ProcessInitializeOnLoadAttributes (106ms)
				ProcessInitializeOnLoadMethodAttributes (41ms)
				AfterProcessingInitializeOnLoad (0ms)
				EditorAssembliesLoaded (0ms)
			ExecutionOrderSort2 (0ms)
			AwakeInstancesAfterBackupRestoration (0ms)
Platform modules already initialized, skipping
Registering precompiled user dll's ...
Registered in 0.003851 seconds.
Begin MonoManager ReloadAssembly
Symbol file LoadedFromMemory doesn't match image C:\UnityRepository\unity-repository\Wave function collapse attempt 2\Library\PackageCache\com.unity.visualscripting@1.7.5\Editor\VisualScripting.Core\Dependencies\YamlDotNet\Unity.VisualScripting.YamlDotNet.dll
Symbol file LoadedFromMemory doesn't match image C:\UnityRepository\unity-repository\Wave function collapse attempt 2\Library\PackageCache\com.unity.visualscripting@1.7.5\Editor\VisualScripting.Core\Dependencies\DotNetZip\Unity.VisualScripting.IonicZip.dll
Native extension for WindowsStandalone target not found
Native extension for Android target not found
Refreshing native plugins compatible for Editor in 0.91 ms, found 3 plugins.
Preloading 0 native plugins for Editor in 0.00 ms.
Mono: successfully reloaded assembly
- Completed reload, in  1.117 seconds
Domain Reload Profiling:
	ReloadAssembly (1118ms)
		BeginReloadAssembly (209ms)
			ExecutionOrderSort (0ms)
			DisableScriptedObjects (5ms)
			BackupInstance (0ms)
			ReleaseScriptingObjects (0ms)
			CreateAndSetChildDomain (121ms)
		EndReloadAssembly (804ms)
			LoadAssemblies (67ms)
			RebuildTransferFunctionScriptingTraits (0ms)
			SetupTypeCache (257ms)
				TypeCache.Initialize (249ms)
					TypeCache.ScanAssembly (245ms)
				ResolveRequiredComponents (8ms)
			ReleaseScriptCaches (1ms)
			RebuildScriptCaches (63ms)
			SetupLoadedEditorAssemblies (354ms)
				LogAssemblyErrors (0ms)
				InitializePlatformSupportModulesInManaged (13ms)
				SetLoadedEditorAssemblies (6ms)
				RefreshPlugins (1ms)
				BeforeProcessingInitializeOnLoad (76ms)
				ProcessInitializeOnLoadAttributes (229ms)
				ProcessInitializeOnLoadMethodAttributes (24ms)
				AfterProcessingInitializeOnLoad (5ms)
				EditorAssembliesLoaded (0ms)
			ExecutionOrderSort2 (0ms)
			AwakeInstancesAfterBackupRestoration (6ms)
Platform modules already initialized, skipping
========================================================================
Worker process is ready to serve import requests
Launched and connected shader compiler UnityShaderCompiler.exe after 0.09 seconds
Refreshing native plugins compatible for Editor in 0.62 ms, found 3 plugins.
Preloading 0 native plugins for Editor in 0.00 ms.
Unloading 3242 Unused Serialized files (Serialized files now loaded: 0)
Unloading 22 unused Assets / (58.2 KB). Loaded Objects now: 3708.
Memory consumption went from 499.3 MB to 499.3 MB.
Total: 3.641500 ms (FindLiveObjects: 0.354000 ms CreateObjectMapping: 0.108900 ms MarkObjects: 3.085600 ms  DeleteObjects: 0.091700 ms)

AssetImportParameters requested are different than current active one (requested -> active):
  custom:video-decoder-ogg-theora: a1e56fd34408186e4bbccfd4996cb3dc -> 
  custom:container-muxer-webm: aa71ff27fc2769a1b78a27578f13a17b -> 
  custom:container-demuxer-webm: 4f35f7cbe854078d1ac9338744f61a02 -> 
  custom:video-encoder-webm-vp8: eb34c28f22e8b96e1ab97ce403110664 -> 
  custom:audio-encoder-webm-vorbis: bf7c407c2cedff20999df2af8eb42d56 -> 
  custom:framework-win-MediaFoundation: 216162199b28c13a410421893ffa2e32 -> 
  custom:container-demuxer-ogg: 62fdf1f143b41e24485cea50d1cbac27 -> 
  custom:video-decoder-webm-vp8: 9c59270c3fd7afecdb556c50c9e8de78 -> 
  custom:audio-decoder-ogg-vorbis: bf7c407c2cedff20999df2af8eb42d56 -> 
========================================================================
Received Import Request.
  Time since last request: 13595.686928 seconds.
  path: Assets/Materials/Bark.mat
  artifactKey: Guid(497484e4482bc744a8b5dbdfacad2b14) Importer(815301076,1909f56bfc062723c751e8b465ee728b)
Start importing Assets/Materials/Bark.mat using Guid(497484e4482bc744a8b5dbdfacad2b14) Importer(815301076,1909f56bfc062723c751e8b465ee728b)  -> (artifact id: '6f07de40b6972e46f351e15dcfcc9571') in 0.201491 seconds 
========================================================================
Received Import Request.
  Time since last request: 39.752174 seconds.
  path: Assets/TileScriptableObjects/Grass0.asset
  artifactKey: Guid(fba7741aa6485874a88f722006f2381a) Importer(815301076,1909f56bfc062723c751e8b465ee728b)
Start importing Assets/TileScriptableObjects/Grass0.asset using Guid(fba7741aa6485874a88f722006f2381a) Importer(815301076,1909f56bfc062723c751e8b465ee728b)  -> (artifact id: '31ed8530db9ece439d707956c5dca758') in 0.010785 seconds 
========================================================================
Received Import Request.
  Time since last request: 31.271110 seconds.
  path: Assets/TileScriptableObjects/EmptyTile0.asset
  artifactKey: Guid(5173c5a399068d04f8893247d3311504) Importer(815301076,1909f56bfc062723c751e8b465ee728b)
Start importing Assets/TileScriptableObjects/EmptyTile0.asset using Guid(5173c5a399068d04f8893247d3311504) Importer(815301076,1909f56bfc062723c751e8b465ee728b)  -> (artifact id: '468ef125eab59cc8bd0290cfb607ac0e') in 0.007593 seconds 
========================================================================
Received Import Request.
  Time since last request: 13.583199 seconds.
  path: Assets/TileScriptableObjects/Forest0.asset
  artifactKey: Guid(9c4809263a3664d45b02693f8ab4ebf6) Importer(815301076,1909f56bfc062723c751e8b465ee728b)
Start importing Assets/TileScriptableObjects/Forest0.asset using Guid(9c4809263a3664d45b02693f8ab4ebf6) Importer(815301076,1909f56bfc062723c751e8b465ee728b)  -> (artifact id: '27d16934fbe78c095c7828c1160b6615') in 0.006923 seconds 
========================================================================
Received Import Request.
  Time since last request: 17.749125 seconds.
  path: Assets/TileScriptableObjects/TestTiles
  artifactKey: Guid(dc6a5f1dc3c9b134a9f45309fb77a1b4) Importer(815301076,1909f56bfc062723c751e8b465ee728b)
Start importing Assets/TileScriptableObjects/TestTiles using Guid(dc6a5f1dc3c9b134a9f45309fb77a1b4) Importer(815301076,1909f56bfc062723c751e8b465ee728b)  -> (artifact id: '3fcf64f5cdccacf91d753432a641a696') in 0.006584 seconds 
========================================================================
Received Import Request.
  Time since last request: 16.775904 seconds.
  path: Assets/Scenes/SampleScene.unity
  artifactKey: Guid(9fc0d4010bbf28b4594072e72b8655ab) Importer(815301076,1909f56bfc062723c751e8b465ee728b)
Start importing Assets/Scenes/SampleScene.unity using Guid(9fc0d4010bbf28b4594072e72b8655ab) Importer(815301076,1909f56bfc062723c751e8b465ee728b)  -> (artifact id: '7061c13b3320bcc25285195ab46b141f') in 0.005719 seconds 
========================================================================
Received Import Request.
  Time since last request: 2.468989 seconds.
  path: Assets/TileScriptableObjects/Forest0.asset
  artifactKey: Guid(9c4809263a3664d45b02693f8ab4ebf6) Importer(815301076,1909f56bfc062723c751e8b465ee728b)
Start importing Assets/TileScriptableObjects/Forest0.asset using Guid(9c4809263a3664d45b02693f8ab4ebf6) Importer(815301076,1909f56bfc062723c751e8b465ee728b)  -> (artifact id: 'caafdf9b8282783a0004884fd51ab3b5') in 0.004376 seconds 
========================================================================
Received Import Request.
  Time since last request: 30.299227 seconds.
  path: Assets/TileStateHolder.prefab
  artifactKey: Guid(b7765bea3d0f8f845a32c15991dda260) Importer(815301076,1909f56bfc062723c751e8b465ee728b)
Start importing Assets/TileStateHolder.prefab using Guid(b7765bea3d0f8f845a32c15991dda260) Importer(815301076,1909f56bfc062723c751e8b465ee728b)  -> (artifact id: '92191b3db6be0751375c1bdc8da4e30f') in 0.016717 seconds 
========================================================================
Received Import Request.
  Time since last request: 1.353694 seconds.
  path: Assets/TileStateHolder.prefab
  artifactKey: Guid(b7765bea3d0f8f845a32c15991dda260) Importer(815301076,1909f56bfc062723c751e8b465ee728b)
Start importing Assets/TileStateHolder.prefab using Guid(b7765bea3d0f8f845a32c15991dda260) Importer(815301076,1909f56bfc062723c751e8b465ee728b)  -> (artifact id: '330ada78fb1a869cb6e709c0d31c163b') in 0.006062 seconds 
========================================================================
Received Import Request.
  Time since last request: 1.008386 seconds.
  path: Assets/TileStateHolder.prefab
  artifactKey: Guid(b7765bea3d0f8f845a32c15991dda260) Importer(815301076,1909f56bfc062723c751e8b465ee728b)
Start importing Assets/TileStateHolder.prefab using Guid(b7765bea3d0f8f845a32c15991dda260) Importer(815301076,1909f56bfc062723c751e8b465ee728b)  -> (artifact id: '8745ce85137c382b55211a8b56999d80') in 0.005600 seconds 
========================================================================
Received Import Request.
  Time since last request: 0.391360 seconds.
  path: Assets/TileStateHolder.prefab
  artifactKey: Guid(b7765bea3d0f8f845a32c15991dda260) Importer(815301076,1909f56bfc062723c751e8b465ee728b)
Start importing Assets/TileStateHolder.prefab using Guid(b7765bea3d0f8f845a32c15991dda260) Importer(815301076,1909f56bfc062723c751e8b465ee728b)  -> (artifact id: 'c00146323a5982e6365312416548bb41') in 0.005064 seconds 
========================================================================
Received Import Request.
  Time since last request: 0.395033 seconds.
  path: Assets/TileStateHolder.prefab
  artifactKey: Guid(b7765bea3d0f8f845a32c15991dda260) Importer(815301076,1909f56bfc062723c751e8b465ee728b)
Start importing Assets/TileStateHolder.prefab using Guid(b7765bea3d0f8f845a32c15991dda260) Importer(815301076,1909f56bfc062723c751e8b465ee728b)  -> (artifact id: '066f95f668b250b7e144bd182284da04') in 0.005201 seconds 
========================================================================
Received Import Request.
  Time since last request: 4.442819 seconds.
  path: Assets/TileStateHolder.prefab
  artifactKey: Guid(b7765bea3d0f8f845a32c15991dda260) Importer(815301076,1909f56bfc062723c751e8b465ee728b)
Start importing Assets/TileStateHolder.prefab using Guid(b7765bea3d0f8f845a32c15991dda260) Importer(815301076,1909f56bfc062723c751e8b465ee728b)  -> (artifact id: 'd916a92a4b729d574d499d04a9660728') in 0.004847 seconds 
========================================================================
Received Import Request.
  Time since last request: 1.192889 seconds.
  path: Assets/TileStateHolder.prefab
  artifactKey: Guid(b7765bea3d0f8f845a32c15991dda260) Importer(815301076,1909f56bfc062723c751e8b465ee728b)
Start importing Assets/TileStateHolder.prefab using Guid(b7765bea3d0f8f845a32c15991dda260) Importer(815301076,1909f56bfc062723c751e8b465ee728b)  -> (artifact id: '3990e4f4d35185dab3be0447989d9969') in 0.005447 seconds 
========================================================================
Received Import Request.
  Time since last request: 2.604701 seconds.
  path: Assets/TileStateHolder.prefab
  artifactKey: Guid(b7765bea3d0f8f845a32c15991dda260) Importer(815301076,1909f56bfc062723c751e8b465ee728b)
Start importing Assets/TileStateHolder.prefab using Guid(b7765bea3d0f8f845a32c15991dda260) Importer(815301076,1909f56bfc062723c751e8b465ee728b)  -> (artifact id: 'ea47255159cd2a52414280ef096c4ad3') in 0.005628 seconds 
========================================================================
Received Prepare
Registering precompiled user dll's ...
Registered in 0.004997 seconds.
Begin MonoManager ReloadAssembly
Symbol file LoadedFromMemory doesn't match image C:\UnityRepository\unity-repository\Wave function collapse attempt 2\Library\PackageCache\com.unity.visualscripting@1.7.5\Editor\VisualScripting.Core\Dependencies\YamlDotNet\Unity.VisualScripting.YamlDotNet.dll
Symbol file LoadedFromMemory doesn't match image C:\UnityRepository\unity-repository\Wave function collapse attempt 2\Library\PackageCache\com.unity.visualscripting@1.7.5\Editor\VisualScripting.Core\Dependencies\DotNetZip\Unity.VisualScripting.IonicZip.dll
Native extension for WindowsStandalone target not found
Native extension for Android target not found
Refreshing native plugins compatible for Editor in 0.71 ms, found 3 plugins.
Preloading 0 native plugins for Editor in 0.00 ms.
Mono: successfully reloaded assembly
- Completed reload, in  1.063 seconds
Domain Reload Profiling:
	ReloadAssembly (1064ms)
		BeginReloadAssembly (138ms)
			ExecutionOrderSort (0ms)
			DisableScriptedObjects (6ms)
			BackupInstance (0ms)
			ReleaseScriptingObjects (0ms)
			CreateAndSetChildDomain (45ms)
		EndReloadAssembly (816ms)
			LoadAssemblies (73ms)
			RebuildTransferFunctionScriptingTraits (0ms)
			SetupTypeCache (269ms)
				TypeCache.Initialize (264ms)
					TypeCache.ScanAssembly (258ms)
				ResolveRequiredComponents (4ms)
			ReleaseScriptCaches (2ms)
			RebuildScriptCaches (47ms)
			SetupLoadedEditorAssemblies (361ms)
				LogAssemblyErrors (0ms)
				InitializePlatformSupportModulesInManaged (25ms)
				SetLoadedEditorAssemblies (7ms)
				RefreshPlugins (1ms)
				BeforeProcessingInitializeOnLoad (62ms)
				ProcessInitializeOnLoadAttributes (227ms)
				ProcessInitializeOnLoadMethodAttributes (31ms)
				AfterProcessingInitializeOnLoad (7ms)
				EditorAssembliesLoaded (0ms)
			ExecutionOrderSort2 (0ms)
			AwakeInstancesAfterBackupRestoration (7ms)
Platform modules already initialized, skipping
Refreshing native plugins compatible for Editor in 1.79 ms, found 3 plugins.
Preloading 0 native plugins for Editor in 0.00 ms.
Unloading 3235 Unused Serialized files (Serialized files now loaded: 0)
Unloading 15 unused Assets / (25.4 KB). Loaded Objects now: 3753.
Memory consumption went from 502.9 MB to 502.9 MB.
Total: 3.127100 ms (FindLiveObjects: 0.338900 ms CreateObjectMapping: 0.087100 ms MarkObjects: 2.676100 ms  DeleteObjects: 0.023000 ms)

AssetImportParameters requested are different than current active one (requested -> active):
  custom:video-decoder-ogg-theora: a1e56fd34408186e4bbccfd4996cb3dc -> 
  custom:container-muxer-webm: aa71ff27fc2769a1b78a27578f13a17b -> 
  custom:container-demuxer-webm: 4f35f7cbe854078d1ac9338744f61a02 -> 
  custom:video-encoder-webm-vp8: eb34c28f22e8b96e1ab97ce403110664 -> 
  custom:audio-encoder-webm-vorbis: bf7c407c2cedff20999df2af8eb42d56 -> 
  custom:framework-win-MediaFoundation: 216162199b28c13a410421893ffa2e32 -> 
  custom:container-demuxer-ogg: 62fdf1f143b41e24485cea50d1cbac27 -> 
  custom:video-decoder-webm-vp8: 9c59270c3fd7afecdb556c50c9e8de78 -> 
  custom:audio-decoder-ogg-vorbis: bf7c407c2cedff20999df2af8eb42d56 -> 
========================================================================
Received Prepare
Registering precompiled user dll's ...
Registered in 0.003298 seconds.
Begin MonoManager ReloadAssembly
Symbol file LoadedFromMemory doesn't match image C:\UnityRepository\unity-repository\Wave function collapse attempt 2\Library\PackageCache\com.unity.visualscripting@1.7.5\Editor\VisualScripting.Core\Dependencies\YamlDotNet\Unity.VisualScripting.YamlDotNet.dll
Symbol file LoadedFromMemory doesn't match image C:\UnityRepository\unity-repository\Wave function collapse attempt 2\Library\PackageCache\com.unity.visualscripting@1.7.5\Editor\VisualScripting.Core\Dependencies\DotNetZip\Unity.VisualScripting.IonicZip.dll
Native extension for WindowsStandalone target not found
Native extension for Android target not found
Refreshing native plugins compatible for Editor in 0.71 ms, found 3 plugins.
Preloading 0 native plugins for Editor in 0.00 ms.
Mono: successfully reloaded assembly
- Completed reload, in  1.070 seconds
Domain Reload Profiling:
	ReloadAssembly (1071ms)
		BeginReloadAssembly (125ms)
			ExecutionOrderSort (0ms)
			DisableScriptedObjects (5ms)
			BackupInstance (0ms)
			ReleaseScriptingObjects (0ms)
			CreateAndSetChildDomain (34ms)
		EndReloadAssembly (849ms)
			LoadAssemblies (74ms)
			RebuildTransferFunctionScriptingTraits (0ms)
			SetupTypeCache (284ms)
				TypeCache.Initialize (280ms)
					TypeCache.ScanAssembly (274ms)
				ResolveRequiredComponents (4ms)
			ReleaseScriptCaches (1ms)
			RebuildScriptCaches (47ms)
			SetupLoadedEditorAssemblies (377ms)
				LogAssemblyErrors (0ms)
				InitializePlatformSupportModulesInManaged (24ms)
				SetLoadedEditorAssemblies (9ms)
				RefreshPlugins (1ms)
				BeforeProcessingInitializeOnLoad (64ms)
				ProcessInitializeOnLoadAttributes (244ms)
				ProcessInitializeOnLoadMethodAttributes (28ms)
				AfterProcessingInitializeOnLoad (8ms)
				EditorAssembliesLoaded (0ms)
			ExecutionOrderSort2 (0ms)
			AwakeInstancesAfterBackupRestoration (8ms)
Platform modules already initialized, skipping
Refreshing native plugins compatible for Editor in 2.40 ms, found 3 plugins.
Preloading 0 native plugins for Editor in 0.00 ms.
Unloading 3236 Unused Serialized files (Serialized files now loaded: 0)
Unloading 15 unused Assets / (32.5 KB). Loaded Objects now: 3756.
Memory consumption went from 503.1 MB to 503.1 MB.
Total: 3.321900 ms (FindLiveObjects: 0.397000 ms CreateObjectMapping: 0.092800 ms MarkObjects: 2.805300 ms  DeleteObjects: 0.025600 ms)

AssetImportParameters requested are different than current active one (requested -> active):
  custom:video-decoder-ogg-theora: a1e56fd34408186e4bbccfd4996cb3dc -> 
  custom:container-muxer-webm: aa71ff27fc2769a1b78a27578f13a17b -> 
  custom:container-demuxer-webm: 4f35f7cbe854078d1ac9338744f61a02 -> 
  custom:video-encoder-webm-vp8: eb34c28f22e8b96e1ab97ce403110664 -> 
  custom:audio-encoder-webm-vorbis: bf7c407c2cedff20999df2af8eb42d56 -> 
  custom:framework-win-MediaFoundation: 216162199b28c13a410421893ffa2e32 -> 
  custom:container-demuxer-ogg: 62fdf1f143b41e24485cea50d1cbac27 -> 
  custom:video-decoder-webm-vp8: 9c59270c3fd7afecdb556c50c9e8de78 -> 
  custom:audio-decoder-ogg-vorbis: bf7c407c2cedff20999df2af8eb42d56 -> 
========================================================================
Received Prepare
Registering precompiled user dll's ...
Registered in 0.004607 seconds.
Begin MonoManager ReloadAssembly
Symbol file LoadedFromMemory doesn't match image C:\UnityRepository\unity-repository\Wave function collapse attempt 2\Library\PackageCache\com.unity.visualscripting@1.7.5\Editor\VisualScripting.Core\Dependencies\YamlDotNet\Unity.VisualScripting.YamlDotNet.dll
Symbol file LoadedFromMemory doesn't match image C:\UnityRepository\unity-repository\Wave function collapse attempt 2\Library\PackageCache\com.unity.visualscripting@1.7.5\Editor\VisualScripting.Core\Dependencies\DotNetZip\Unity.VisualScripting.IonicZip.dll
Native extension for WindowsStandalone target not found
Native extension for Android target not found
Refreshing native plugins compatible for Editor in 0.66 ms, found 3 plugins.
Preloading 0 native plugins for Editor in 0.00 ms.
Mono: successfully reloaded assembly
- Completed reload, in  1.119 seconds
Domain Reload Profiling:
	ReloadAssembly (1120ms)
		BeginReloadAssembly (131ms)
			ExecutionOrderSort (0ms)
			DisableScriptedObjects (5ms)
			BackupInstance (0ms)
			ReleaseScriptingObjects (0ms)
			CreateAndSetChildDomain (36ms)
		EndReloadAssembly (873ms)
			LoadAssemblies (80ms)
			RebuildTransferFunctionScriptingTraits (0ms)
			SetupTypeCache (311ms)
				TypeCache.Initialize (307ms)
					TypeCache.ScanAssembly (298ms)
				ResolveRequiredComponents (4ms)
			ReleaseScriptCaches (1ms)
			RebuildScriptCaches (50ms)
			SetupLoadedEditorAssemblies (367ms)
				LogAssemblyErrors (0ms)
				InitializePlatformSupportModulesInManaged (21ms)
				SetLoadedEditorAssemblies (8ms)
				RefreshPlugins (1ms)
				BeforeProcessingInitializeOnLoad (67ms)
				ProcessInitializeOnLoadAttributes (238ms)
				ProcessInitializeOnLoadMethodAttributes (26ms)
				AfterProcessingInitializeOnLoad (5ms)
				EditorAssembliesLoaded (0ms)
			ExecutionOrderSort2 (0ms)
			AwakeInstancesAfterBackupRestoration (8ms)
Platform modules already initialized, skipping
Refreshing native plugins compatible for Editor in 1.77 ms, found 3 plugins.
Preloading 0 native plugins for Editor in 0.00 ms.
Unloading 3236 Unused Serialized files (Serialized files now loaded: 0)
Unloading 15 unused Assets / (32.6 KB). Loaded Objects now: 3759.
Memory consumption went from 503.1 MB to 503.1 MB.
Total: 3.237700 ms (FindLiveObjects: 0.354900 ms CreateObjectMapping: 0.095000 ms MarkObjects: 2.757500 ms  DeleteObjects: 0.028200 ms)

AssetImportParameters requested are different than current active one (requested -> active):
  custom:video-decoder-ogg-theora: a1e56fd34408186e4bbccfd4996cb3dc -> 
  custom:container-muxer-webm: aa71ff27fc2769a1b78a27578f13a17b -> 
  custom:container-demuxer-webm: 4f35f7cbe854078d1ac9338744f61a02 -> 
  custom:video-encoder-webm-vp8: eb34c28f22e8b96e1ab97ce403110664 -> 
  custom:audio-encoder-webm-vorbis: bf7c407c2cedff20999df2af8eb42d56 -> 
  custom:framework-win-MediaFoundation: 216162199b28c13a410421893ffa2e32 -> 
  custom:container-demuxer-ogg: 62fdf1f143b41e24485cea50d1cbac27 -> 
  custom:video-decoder-webm-vp8: 9c59270c3fd7afecdb556c50c9e8de78 -> 
  custom:audio-decoder-ogg-vorbis: bf7c407c2cedff20999df2af8eb42d56 -> 
========================================================================
Received Import Request.
  Time since last request: 74.699715 seconds.
  path: Assets/TileStateHolder.prefab
  artifactKey: Guid(b7765bea3d0f8f845a32c15991dda260) Importer(815301076,1909f56bfc062723c751e8b465ee728b)
Start importing Assets/TileStateHolder.prefab using Guid(b7765bea3d0f8f845a32c15991dda260) Importer(815301076,1909f56bfc062723c751e8b465ee728b)  -> (artifact id: 'a3ed71d30fabcc34558eea10e3d6e700') in 0.024947 seconds 
========================================================================
Received Import Request.
  Time since last request: 0.771432 seconds.
  path: Assets/TileStateHolder.prefab
  artifactKey: Guid(b7765bea3d0f8f845a32c15991dda260) Importer(815301076,1909f56bfc062723c751e8b465ee728b)
Start importing Assets/TileStateHolder.prefab using Guid(b7765bea3d0f8f845a32c15991dda260) Importer(815301076,1909f56bfc062723c751e8b465ee728b)  -> (artifact id: '85f886c1465e31c600abef49e11d249e') in 0.004680 seconds 
========================================================================
Received Import Request.
  Time since last request: 0.396356 seconds.
  path: Assets/TileStateHolder.prefab
  artifactKey: Guid(b7765bea3d0f8f845a32c15991dda260) Importer(815301076,1909f56bfc062723c751e8b465ee728b)
Start importing Assets/TileStateHolder.prefab using Guid(b7765bea3d0f8f845a32c15991dda260) Importer(815301076,1909f56bfc062723c751e8b465ee728b)  -> (artifact id: '38a85520db9397b3dd431e3fe8dda87e') in 0.004685 seconds 
========================================================================
Received Import Request.
  Time since last request: 3.211944 seconds.
  path: Assets/TileStateHolder.prefab
  artifactKey: Guid(b7765bea3d0f8f845a32c15991dda260) Importer(815301076,1909f56bfc062723c751e8b465ee728b)
Start importing Assets/TileStateHolder.prefab using Guid(b7765bea3d0f8f845a32c15991dda260) Importer(815301076,1909f56bfc062723c751e8b465ee728b)  -> (artifact id: '98c86a2448adc0d7248bab65e8ef82f7') in 0.005258 seconds 
========================================================================
Received Import Request.
  Time since last request: 3.464117 seconds.
  path: Assets/TileStateHolder.prefab
  artifactKey: Guid(b7765bea3d0f8f845a32c15991dda260) Importer(815301076,1909f56bfc062723c751e8b465ee728b)
Start importing Assets/TileStateHolder.prefab using Guid(b7765bea3d0f8f845a32c15991dda260) Importer(815301076,1909f56bfc062723c751e8b465ee728b)  -> (artifact id: '71b3a988f750522a1f0e21588474b316') in 0.006314 seconds 
========================================================================
Received Import Request.
  Time since last request: 0.992086 seconds.
  path: Assets/TileStateHolder.prefab
  artifactKey: Guid(b7765bea3d0f8f845a32c15991dda260) Importer(815301076,1909f56bfc062723c751e8b465ee728b)
Start importing Assets/TileStateHolder.prefab using Guid(b7765bea3d0f8f845a32c15991dda260) Importer(815301076,1909f56bfc062723c751e8b465ee728b)  -> (artifact id: '6599fd86ccfbaef39f4656e0044a30c9') in 0.005815 seconds 
========================================================================
Received Import Request.
  Time since last request: 10.675569 seconds.
  path: Assets/TileStateHolder.prefab
  artifactKey: Guid(b7765bea3d0f8f845a32c15991dda260) Importer(815301076,1909f56bfc062723c751e8b465ee728b)
Start importing Assets/TileStateHolder.prefab using Guid(b7765bea3d0f8f845a32c15991dda260) Importer(815301076,1909f56bfc062723c751e8b465ee728b)  -> (artifact id: '188e47e78f294b06da54653d8e22286f') in 0.006176 seconds 
========================================================================
Received Import Request.
  Time since last request: 1.194117 seconds.
  path: Assets/TileStateHolder.prefab
  artifactKey: Guid(b7765bea3d0f8f845a32c15991dda260) Importer(815301076,1909f56bfc062723c751e8b465ee728b)
Start importing Assets/TileStateHolder.prefab using Guid(b7765bea3d0f8f845a32c15991dda260) Importer(815301076,1909f56bfc062723c751e8b465ee728b)  -> (artifact id: 'a2922d0dbd00d64fe5199dbad51d3d59') in 0.005823 seconds 
========================================================================
Received Import Request.
  Time since last request: 1.400513 seconds.
  path: Assets/TileStateHolder.prefab
  artifactKey: Guid(b7765bea3d0f8f845a32c15991dda260) Importer(815301076,1909f56bfc062723c751e8b465ee728b)
Start importing Assets/TileStateHolder.prefab using Guid(b7765bea3d0f8f845a32c15991dda260) Importer(815301076,1909f56bfc062723c751e8b465ee728b)  -> (artifact id: '0be3a3fba19ca34cf9415255ad3ef5a3') in 0.005739 seconds 
========================================================================
Received Import Request.
  Time since last request: 0.784692 seconds.
  path: Assets/TileStateHolder.prefab
  artifactKey: Guid(b7765bea3d0f8f845a32c15991dda260) Importer(815301076,1909f56bfc062723c751e8b465ee728b)
Start importing Assets/TileStateHolder.prefab using Guid(b7765bea3d0f8f845a32c15991dda260) Importer(815301076,1909f56bfc062723c751e8b465ee728b)  -> (artifact id: '672b2a1529ee97e8222dfe48a9590a52') in 0.005298 seconds 
========================================================================
Received Import Request.
  Time since last request: 2.667807 seconds.
  path: Assets/TileStateHolder.prefab
  artifactKey: Guid(b7765bea3d0f8f845a32c15991dda260) Importer(815301076,1909f56bfc062723c751e8b465ee728b)
Start importing Assets/TileStateHolder.prefab using Guid(b7765bea3d0f8f845a32c15991dda260) Importer(815301076,1909f56bfc062723c751e8b465ee728b)  -> (artifact id: 'c676025a02b2a295637fe48d3dfec160') in 0.006386 seconds 
========================================================================
Received Import Request.
  Time since last request: 1.779726 seconds.
  path: Assets/TileStateHolder.prefab
  artifactKey: Guid(b7765bea3d0f8f845a32c15991dda260) Importer(815301076,1909f56bfc062723c751e8b465ee728b)
Start importing Assets/TileStateHolder.prefab using Guid(b7765bea3d0f8f845a32c15991dda260) Importer(815301076,1909f56bfc062723c751e8b465ee728b)  -> (artifact id: '37c271e24c994ea00a4f5f1c208591e7') in 0.006111 seconds 
========================================================================
Received Import Request.
  Time since last request: 2.131359 seconds.
  path: Assets/TileStateHolder.prefab
  artifactKey: Guid(b7765bea3d0f8f845a32c15991dda260) Importer(815301076,1909f56bfc062723c751e8b465ee728b)
Start importing Assets/TileStateHolder.prefab using Guid(b7765bea3d0f8f845a32c15991dda260) Importer(815301076,1909f56bfc062723c751e8b465ee728b)  -> (artifact id: '3189d8fabe12d8a280a3e3bbe2b5b25d') in 0.006941 seconds 
========================================================================
Received Prepare
Registering precompiled user dll's ...
Registered in 0.003640 seconds.
Begin MonoManager ReloadAssembly
Symbol file LoadedFromMemory doesn't match image C:\UnityRepository\unity-repository\Wave function collapse attempt 2\Library\PackageCache\com.unity.visualscripting@1.7.5\Editor\VisualScripting.Core\Dependencies\YamlDotNet\Unity.VisualScripting.YamlDotNet.dll
Symbol file LoadedFromMemory doesn't match image C:\UnityRepository\unity-repository\Wave function collapse attempt 2\Library\PackageCache\com.unity.visualscripting@1.7.5\Editor\VisualScripting.Core\Dependencies\DotNetZip\Unity.VisualScripting.IonicZip.dll
Native extension for WindowsStandalone target not found
Native extension for Android target not found
Refreshing native plugins compatible for Editor in 0.67 ms, found 3 plugins.
Preloading 0 native plugins for Editor in 0.00 ms.
Mono: successfully reloaded assembly
- Completed reload, in  1.133 seconds
Domain Reload Profiling:
	ReloadAssembly (1134ms)
		BeginReloadAssembly (161ms)
			ExecutionOrderSort (0ms)
			DisableScriptedObjects (7ms)
			BackupInstance (0ms)
			ReleaseScriptingObjects (0ms)
			CreateAndSetChildDomain (52ms)
		EndReloadAssembly (883ms)
			LoadAssemblies (85ms)
			RebuildTransferFunctionScriptingTraits (0ms)
			SetupTypeCache (302ms)
				TypeCache.Initialize (299ms)
					TypeCache.ScanAssembly (292ms)
				ResolveRequiredComponents (4ms)
			ReleaseScriptCaches (1ms)
			RebuildScriptCaches (46ms)
			SetupLoadedEditorAssemblies (400ms)
				LogAssemblyErrors (0ms)
				InitializePlatformSupportModulesInManaged (21ms)
				SetLoadedEditorAssemblies (32ms)
				RefreshPlugins (1ms)
				BeforeProcessingInitializeOnLoad (69ms)
				ProcessInitializeOnLoadAttributes (239ms)
				ProcessInitializeOnLoadMethodAttributes (32ms)
				AfterProcessingInitializeOnLoad (6ms)
				EditorAssembliesLoaded (0ms)
			ExecutionOrderSort2 (0ms)
			AwakeInstancesAfterBackupRestoration (7ms)
Platform modules already initialized, skipping
Refreshing native plugins compatible for Editor in 1.61 ms, found 3 plugins.
Preloading 0 native plugins for Editor in 0.00 ms.
Unloading 3235 Unused Serialized files (Serialized files now loaded: 0)
Unloading 15 unused Assets / (25.5 KB). Loaded Objects now: 3762.
Memory consumption went from 502.9 MB to 502.9 MB.
Total: 3.854800 ms (FindLiveObjects: 0.391800 ms CreateObjectMapping: 0.095400 ms MarkObjects: 3.335400 ms  DeleteObjects: 0.029600 ms)

AssetImportParameters requested are different than current active one (requested -> active):
  custom:video-decoder-ogg-theora: a1e56fd34408186e4bbccfd4996cb3dc -> 
  custom:container-muxer-webm: aa71ff27fc2769a1b78a27578f13a17b -> 
  custom:container-demuxer-webm: 4f35f7cbe854078d1ac9338744f61a02 -> 
  custom:video-encoder-webm-vp8: eb34c28f22e8b96e1ab97ce403110664 -> 
  custom:audio-encoder-webm-vorbis: bf7c407c2cedff20999df2af8eb42d56 -> 
  custom:framework-win-MediaFoundation: 216162199b28c13a410421893ffa2e32 -> 
  custom:container-demuxer-ogg: 62fdf1f143b41e24485cea50d1cbac27 -> 
  custom:video-decoder-webm-vp8: 9c59270c3fd7afecdb556c50c9e8de78 -> 
  custom:audio-decoder-ogg-vorbis: bf7c407c2cedff20999df2af8eb42d56 -> 
========================================================================
Received Prepare
Registering precompiled user dll's ...
Registered in 0.003731 seconds.
Begin MonoManager ReloadAssembly
Symbol file LoadedFromMemory doesn't match image C:\UnityRepository\unity-repository\Wave function collapse attempt 2\Library\PackageCache\com.unity.visualscripting@1.7.5\Editor\VisualScripting.Core\Dependencies\YamlDotNet\Unity.VisualScripting.YamlDotNet.dll
Symbol file LoadedFromMemory doesn't match image C:\UnityRepository\unity-repository\Wave function collapse attempt 2\Library\PackageCache\com.unity.visualscripting@1.7.5\Editor\VisualScripting.Core\Dependencies\DotNetZip\Unity.VisualScripting.IonicZip.dll
Native extension for WindowsStandalone target not found
Native extension for Android target not found
Refreshing native plugins compatible for Editor in 0.94 ms, found 3 plugins.
Preloading 0 native plugins for Editor in 0.00 ms.
Mono: successfully reloaded assembly
- Completed reload, in  1.107 seconds
Domain Reload Profiling:
	ReloadAssembly (1108ms)
		BeginReloadAssembly (146ms)
			ExecutionOrderSort (0ms)
			DisableScriptedObjects (8ms)
			BackupInstance (0ms)
			ReleaseScriptingObjects (0ms)
			CreateAndSetChildDomain (41ms)
		EndReloadAssembly (850ms)
			LoadAssemblies (87ms)
			RebuildTransferFunctionScriptingTraits (0ms)
			SetupTypeCache (291ms)
				TypeCache.Initialize (287ms)
					TypeCache.ScanAssembly (280ms)
				ResolveRequiredComponents (4ms)
			ReleaseScriptCaches (1ms)
			RebuildScriptCaches (47ms)
			SetupLoadedEditorAssemblies (365ms)
				LogAssemblyErrors (0ms)
				InitializePlatformSupportModulesInManaged (22ms)
				SetLoadedEditorAssemblies (8ms)
				RefreshPlugins (1ms)
				BeforeProcessingInitializeOnLoad (66ms)
				ProcessInitializeOnLoadAttributes (234ms)
				ProcessInitializeOnLoadMethodAttributes (28ms)
				AfterProcessingInitializeOnLoad (5ms)
				EditorAssembliesLoaded (0ms)
			ExecutionOrderSort2 (0ms)
			AwakeInstancesAfterBackupRestoration (7ms)
Platform modules already initialized, skipping
Refreshing native plugins compatible for Editor in 2.42 ms, found 3 plugins.
Preloading 0 native plugins for Editor in 0.00 ms.
Unloading 3236 Unused Serialized files (Serialized files now loaded: 0)
Unloading 15 unused Assets / (32.6 KB). Loaded Objects now: 3765.
Memory consumption went from 503.2 MB to 503.1 MB.
Total: 3.239700 ms (FindLiveObjects: 0.445500 ms CreateObjectMapping: 0.092600 ms MarkObjects: 2.670500 ms  DeleteObjects: 0.029100 ms)

AssetImportParameters requested are different than current active one (requested -> active):
  custom:video-decoder-ogg-theora: a1e56fd34408186e4bbccfd4996cb3dc -> 
  custom:container-muxer-webm: aa71ff27fc2769a1b78a27578f13a17b -> 
  custom:container-demuxer-webm: 4f35f7cbe854078d1ac9338744f61a02 -> 
  custom:video-encoder-webm-vp8: eb34c28f22e8b96e1ab97ce403110664 -> 
  custom:audio-encoder-webm-vorbis: bf7c407c2cedff20999df2af8eb42d56 -> 
  custom:framework-win-MediaFoundation: 216162199b28c13a410421893ffa2e32 -> 
  custom:container-demuxer-ogg: 62fdf1f143b41e24485cea50d1cbac27 -> 
  custom:video-decoder-webm-vp8: 9c59270c3fd7afecdb556c50c9e8de78 -> 
  custom:audio-decoder-ogg-vorbis: bf7c407c2cedff20999df2af8eb42d56 -> 
